TN:
SF:src/services/appointmentHistoryService.ts
FN:19,(anonymous_0)
FN:56,(anonymous_1)
FN:68,(anonymous_2)
FN:69,(anonymous_3)
FN:83,(anonymous_4)
FN:106,(anonymous_5)
FN:110,(anonymous_6)
FN:114,(anonymous_7)
FN:118,(anonymous_8)
FN:122,(anonymous_9)
FN:148,(anonymous_10)
FN:157,(anonymous_11)
FN:161,(anonymous_12)
FN:165,(anonymous_13)
FN:169,(anonymous_14)
FN:170,(anonymous_15)
FN:171,(anonymous_16)
FN:194,(anonymous_17)
FN:211,(anonymous_18)
FN:223,(anonymous_19)
FN:241,(anonymous_20)
FN:253,(anonymous_21)
FNF:22
FNH:22
FNDA:74,(anonymous_0)
FNDA:5,(anonymous_1)
FNDA:10,(anonymous_2)
FNDA:5,(anonymous_3)
FNDA:7,(anonymous_4)
FNDA:25,(anonymous_5)
FNDA:3,(anonymous_6)
FNDA:4,(anonymous_7)
FNDA:4,(anonymous_8)
FNDA:9,(anonymous_9)
FNDA:4,(anonymous_10)
FNDA:5,(anonymous_11)
FNDA:5,(anonymous_12)
FNDA:10,(anonymous_13)
FNDA:10,(anonymous_14)
FNDA:10,(anonymous_15)
FNDA:10,(anonymous_16)
FNDA:31,(anonymous_17)
FNDA:3,(anonymous_18)
FNDA:2,(anonymous_19)
FNDA:6,(anonymous_20)
FNDA:71,(anonymous_21)
DA:16,1
DA:17,1
DA:25,74
DA:26,74
DA:27,3
DA:33,71
DA:42,71
DA:44,71
DA:49,0
DA:59,5
DA:60,5
DA:61,1
DA:67,4
DA:68,10
DA:69,5
DA:71,4
DA:76,0
DA:98,7
DA:99,7
DA:100,1
DA:106,25
DA:109,6
DA:110,3
DA:113,6
DA:114,4
DA:117,6
DA:118,4
DA:122,9
DA:124,6
DA:127,6
DA:128,1
DA:131,6
DA:132,2
DA:135,6
DA:141,0
DA:152,4
DA:153,4
DA:156,4
DA:157,5
DA:160,4
DA:161,5
DA:164,4
DA:165,4
DA:166,10
DA:169,10
DA:170,10
DA:171,10
DA:173,4
DA:182,4
DA:187,0
DA:195,31
DA:196,31
DA:197,31
DA:199,31
DA:204,0
DA:214,3
DA:215,3
DA:216,1
DA:222,2
DA:223,2
DA:225,2
DA:226,1
DA:232,1
DA:234,0
DA:242,6
DA:250,6
DA:254,71
LF:67
LH:61
BRDA:26,0,0,3
BRDA:26,0,1,71
BRDA:26,1,0,74
BRDA:26,1,1,73
BRDA:26,1,2,72
BRDA:51,2,0,0
BRDA:51,2,1,0
BRDA:60,3,0,1
BRDA:60,3,1,4
BRDA:78,4,0,0
BRDA:78,4,1,0
BRDA:99,5,0,1
BRDA:99,5,1,6
BRDA:109,6,0,1
BRDA:109,6,1,5
BRDA:113,7,0,1
BRDA:113,7,1,5
BRDA:117,8,0,1
BRDA:117,8,1,5
BRDA:127,9,0,1
BRDA:127,9,1,5
BRDA:131,10,0,2
BRDA:131,10,1,4
BRDA:143,11,0,0
BRDA:143,11,1,0
BRDA:156,12,0,1
BRDA:156,12,1,3
BRDA:160,13,0,1
BRDA:160,13,1,3
BRDA:166,14,0,10
BRDA:166,14,1,8
BRDA:170,15,0,2
BRDA:170,15,1,2
BRDA:171,16,0,2
BRDA:171,16,1,2
BRDA:189,17,0,0
BRDA:189,17,1,0
BRDA:206,18,0,0
BRDA:206,18,1,0
BRDA:215,19,0,1
BRDA:215,19,1,2
BRDA:225,20,0,1
BRDA:225,20,1,1
BRDA:236,21,0,0
BRDA:236,21,1,0
BRDA:250,22,0,6
BRDA:250,22,1,1
BRF:47
BRH:35
end_of_record
TN:
SF:src/services/emailNotificationService.ts
FN:4,(anonymous_0)
FN:53,(anonymous_1)
FN:85,(anonymous_2)
FN:117,(anonymous_3)
FN:126,(anonymous_4)
FN:138,(anonymous_5)
FN:151,(anonymous_6)
FN:155,(anonymous_7)
FN:183,(anonymous_8)
FNF:9
FNH:9
FNDA:43,(anonymous_0)
FNDA:5,(anonymous_1)
FNDA:33,(anonymous_2)
FNDA:2,(anonymous_3)
FNDA:38,(anonymous_4)
FNDA:38,(anonymous_5)
FNDA:36,(anonymous_6)
FNDA:3,(anonymous_7)
FNDA:3,(anonymous_8)
DA:1,1
DA:3,1
DA:14,43
DA:15,43
DA:16,3
DA:23,40
DA:24,40
DA:25,2
DA:31,38
DA:39,38
DA:41,36
DA:46,2
DA:68,5
DA:69,5
DA:70,1
DA:78,4
DA:79,4
DA:80,4
DA:81,4
DA:83,4
DA:84,8
DA:85,8
DA:86,33
DA:87,31
DA:93,31
DA:94,29
DA:96,2
DA:99,31
DA:102,8
DA:103,7
DA:106,3
DA:113,1
DA:117,2
DA:127,38
DA:134,38
DA:135,38
DA:139,38
DA:146,38
DA:152,36
DA:164,3
DA:165,3
DA:180,3
DA:187,3
DA:188,3
DA:203,3
LF:45
LH:45
BRDA:15,0,0,3
BRDA:15,0,1,40
BRDA:15,1,0,43
BRDA:15,1,1,42
BRDA:15,1,2,41
BRDA:24,2,0,2
BRDA:24,2,1,38
BRDA:35,3,0,38
BRDA:35,3,1,37
BRDA:48,4,0,2
BRDA:48,4,1,0
BRDA:69,5,0,1
BRDA:69,5,1,4
BRDA:69,6,0,5
BRDA:69,6,1,5
BRDA:78,7,0,4
BRDA:78,7,1,3
BRDA:93,8,0,29
BRDA:93,8,1,2
BRDA:120,9,0,2
BRDA:120,9,1,0
BRDA:134,10,0,6
BRDA:134,10,1,32
BRDA:134,11,0,38
BRDA:134,11,1,6
BRDA:135,12,0,6
BRDA:135,12,1,32
BRDA:146,13,0,6
BRDA:146,13,1,32
BRDA:146,14,0,38
BRDA:146,14,1,6
BRDA:173,15,0,1
BRDA:173,15,1,2
BRF:33
BRH:31
end_of_record
TN:
SF:src/services/googleMeetService.ts
FN:2,(anonymous_0)
FN:52,(anonymous_1)
FN:93,(anonymous_2)
FN:112,(anonymous_3)
FN:154,(anonymous_4)
FN:165,(anonymous_5)
FN:179,(anonymous_6)
FN:208,(anonymous_7)
FNF:8
FNH:8
FNDA:10,(anonymous_0)
FNDA:6,(anonymous_1)
FNDA:2,(anonymous_2)
FNDA:2,(anonymous_3)
FNDA:21,(anonymous_4)
FNDA:7,(anonymous_5)
FNDA:6,(anonymous_6)
FNDA:4,(anonymous_7)
DA:1,1
DA:13,10
DA:14,10
DA:15,3
DA:21,7
DA:22,2
DA:28,5
DA:29,1
DA:36,4
DA:37,4
DA:39,4
DA:45,0
DA:61,6
DA:62,6
DA:63,1
DA:69,5
DA:70,1
DA:76,4
DA:77,1
DA:84,3
DA:86,0
DA:94,2
DA:95,2
DA:96,1
DA:103,1
DA:105,0
DA:124,2
DA:125,2
DA:126,1
DA:133,1
DA:142,1
DA:147,0
DA:155,21
DA:156,21
DA:158,17
DA:159,17
DA:161,0
DA:166,7
DA:167,7
DA:169,2
DA:170,2
DA:172,0
DA:180,6
DA:182,6
DA:183,1
DA:186,5
DA:188,5
DA:189,1
DA:192,4
DA:193,4
DA:194,4
DA:196,4
DA:197,1
DA:198,3
DA:199,1
DA:201,2
DA:204,0
DA:209,4
DA:210,4
DA:212,4
DA:213,12
DA:214,12
DA:215,48
DA:217,12
DA:220,4
LF:65
LH:58
BRDA:14,0,0,3
BRDA:14,0,1,7
BRDA:14,1,0,10
BRDA:14,1,1,9
BRDA:14,1,2,8
BRDA:21,2,0,2
BRDA:21,2,1,5
BRDA:28,3,0,1
BRDA:28,3,1,4
BRDA:47,4,0,0
BRDA:47,4,1,0
BRDA:62,5,0,1
BRDA:62,5,1,5
BRDA:69,6,0,1
BRDA:69,6,1,4
BRDA:69,7,0,5
BRDA:69,7,1,3
BRDA:69,7,2,2
BRDA:76,8,0,1
BRDA:76,8,1,3
BRDA:76,9,0,4
BRDA:76,9,1,2
BRDA:88,10,0,0
BRDA:88,10,1,0
BRDA:95,11,0,1
BRDA:95,11,1,1
BRDA:107,12,0,0
BRDA:107,12,1,0
BRDA:125,13,0,1
BRDA:125,13,1,1
BRDA:149,14,0,0
BRDA:149,14,1,0
BRDA:156,15,0,4
BRDA:156,15,1,17
BRDA:167,16,0,5
BRDA:167,16,1,2
BRDA:170,17,0,2
BRDA:170,17,1,0
BRDA:182,18,0,1
BRDA:182,18,1,5
BRDA:182,19,0,6
BRDA:182,19,1,6
BRDA:182,19,2,6
BRDA:182,19,3,5
BRDA:188,20,0,1
BRDA:188,20,1,4
BRDA:196,21,0,1
BRDA:196,21,1,3
BRDA:198,22,0,1
BRDA:198,22,1,2
BRF:50
BRH:41
end_of_record
TN:
SF:src/services/validationService.ts
FN:23,(anonymous_0)
FN:48,(anonymous_1)
FN:115,(anonymous_2)
FN:166,(anonymous_3)
FN:174,(anonymous_4)
FN:183,(anonymous_5)
FN:215,(anonymous_6)
FN:223,(anonymous_7)
FN:235,(anonymous_8)
FN:245,(anonymous_9)
FN:283,(anonymous_10)
FN:327,(anonymous_11)
FNF:12
FNH:12
FNDA:29,(anonymous_0)
FNDA:42,(anonymous_1)
FNDA:33,(anonymous_2)
FNDA:12,(anonymous_3)
FNDA:13,(anonymous_4)
FNDA:9,(anonymous_5)
FNDA:9,(anonymous_6)
FNDA:8,(anonymous_7)
FNDA:5,(anonymous_8)
FNDA:10,(anonymous_9)
FNDA:5,(anonymous_10)
FNDA:7,(anonymous_11)
DA:19,1
DA:24,29
DA:25,29
DA:27,29
DA:28,42
DA:29,42
DA:31,42
DA:32,19
DA:34,23
DA:38,29
DA:49,42
DA:50,42
DA:53,42
DA:54,1
DA:55,1
DA:59,41
DA:60,5
DA:64,36
DA:65,33
DA:66,33
DA:67,9
DA:68,9
DA:73,27
DA:74,14
DA:75,2
DA:77,14
DA:78,1
DA:83,27
DA:84,6
DA:85,1
DA:87,6
DA:88,1
DA:93,27
DA:94,2
DA:95,1
DA:100,27
DA:101,5
DA:102,5
DA:103,2
DA:104,3
DA:105,1
DA:109,27
DA:116,33
DA:118,10
DA:119,1
DA:121,9
DA:124,9
DA:125,3
DA:127,6
DA:130,2
DA:131,1
DA:133,1
DA:136,3
DA:137,1
DA:139,2
DA:142,3
DA:143,1
DA:145,2
DA:148,3
DA:149,1
DA:151,2
DA:154,3
DA:155,1
DA:157,2
DA:160,24
DA:167,12
DA:168,12
DA:175,13
DA:176,10
DA:177,10
DA:184,9
DA:186,9
DA:187,3
DA:190,9
DA:191,4
DA:194,9
DA:195,0
DA:198,9
DA:199,5
DA:202,9
DA:203,5
DA:206,9
DA:216,9
DA:217,9
DA:224,8
DA:225,8
DA:226,4
DA:228,4
DA:236,5
DA:247,10
DA:250,10
DA:251,2
DA:255,8
DA:256,2
DA:260,6
DA:261,6
DA:263,6
DA:264,96
DA:266,96
DA:267,48
DA:268,48
DA:269,15
DA:273,96
DA:274,96
DA:277,6
DA:284,5
DA:287,5
DA:288,2
DA:289,2
DA:290,1
DA:291,1
DA:294,3
DA:297,4
DA:298,4
DA:299,4
DA:301,4
DA:305,4
DA:306,2
DA:309,4
DA:310,0
DA:313,4
DA:314,1
DA:317,4
DA:328,7
DA:330,7
DA:331,2
DA:334,7
DA:335,2
DA:338,7
DA:339,1
DA:340,4
DA:341,1
DA:346,7
LF:133
LH:131
BRDA:31,0,0,19
BRDA:31,0,1,23
BRDA:41,1,0,15
BRDA:41,1,1,14
BRDA:53,2,0,1
BRDA:53,2,1,41
BRDA:53,3,0,42
BRDA:53,3,1,9
BRDA:53,3,2,8
BRDA:53,3,3,8
BRDA:59,4,0,5
BRDA:59,4,1,36
BRDA:59,5,0,41
BRDA:59,5,1,33
BRDA:59,5,2,31
BRDA:59,5,3,29
BRDA:64,6,0,33
BRDA:64,6,1,3
BRDA:66,7,0,9
BRDA:66,7,1,24
BRDA:73,8,0,14
BRDA:73,8,1,13
BRDA:74,9,0,2
BRDA:74,9,1,12
BRDA:74,10,0,14
BRDA:74,10,1,3
BRDA:77,11,0,1
BRDA:77,11,1,13
BRDA:77,12,0,14
BRDA:77,12,1,1
BRDA:83,13,0,6
BRDA:83,13,1,21
BRDA:84,14,0,1
BRDA:84,14,1,5
BRDA:84,15,0,6
BRDA:84,15,1,2
BRDA:87,16,0,1
BRDA:87,16,1,5
BRDA:87,17,0,6
BRDA:87,17,1,1
BRDA:93,18,0,2
BRDA:93,18,1,25
BRDA:93,19,0,27
BRDA:93,19,1,2
BRDA:94,20,0,1
BRDA:94,20,1,1
BRDA:100,21,0,5
BRDA:100,21,1,22
BRDA:102,22,0,2
BRDA:102,22,1,3
BRDA:104,23,0,1
BRDA:104,23,1,2
BRDA:116,24,0,10
BRDA:116,24,1,9
BRDA:116,24,2,2
BRDA:116,24,3,3
BRDA:116,24,4,3
BRDA:116,24,5,3
BRDA:116,24,6,3
BRDA:118,25,0,1
BRDA:118,25,1,9
BRDA:124,26,0,3
BRDA:124,26,1,6
BRDA:124,27,0,9
BRDA:124,27,1,7
BRDA:130,28,0,1
BRDA:130,28,1,1
BRDA:130,29,0,2
BRDA:130,29,1,2
BRDA:136,30,0,1
BRDA:136,30,1,2
BRDA:136,31,0,3
BRDA:136,31,1,2
BRDA:142,32,0,1
BRDA:142,32,1,2
BRDA:148,33,0,1
BRDA:148,33,1,2
BRDA:154,34,0,1
BRDA:154,34,1,2
BRDA:154,35,0,3
BRDA:154,35,1,3
BRDA:154,35,2,3
BRDA:175,36,0,3
BRDA:175,36,1,10
BRDA:186,37,0,3
BRDA:186,37,1,6
BRDA:190,38,0,4
BRDA:190,38,1,5
BRDA:194,39,0,0
BRDA:194,39,1,9
BRDA:198,40,0,5
BRDA:198,40,1,4
BRDA:202,41,0,5
BRDA:202,41,1,4
BRDA:250,42,0,2
BRDA:250,42,1,8
BRDA:255,43,0,2
BRDA:255,43,1,6
BRDA:255,44,0,8
BRDA:255,44,1,7
BRDA:266,45,0,48
BRDA:266,45,1,48
BRDA:268,46,0,15
BRDA:268,46,1,33
BRDA:283,47,0,2
BRDA:283,48,0,2
BRDA:287,49,0,2
BRDA:287,49,1,3
BRDA:289,50,0,1
BRDA:289,50,1,1
BRDA:301,51,0,0
BRDA:301,51,1,4
BRDA:301,52,0,4
BRDA:301,52,1,4
BRDA:301,52,2,3
BRDA:305,53,0,2
BRDA:305,53,1,2
BRDA:309,54,0,0
BRDA:309,54,1,4
BRDA:313,55,0,1
BRDA:313,55,1,3
BRDA:330,56,0,2
BRDA:330,56,1,5
BRDA:330,57,0,7
BRDA:330,57,1,5
BRDA:334,58,0,2
BRDA:334,58,1,5
BRDA:334,59,0,7
BRDA:334,59,1,5
BRDA:338,60,0,1
BRDA:338,60,1,6
BRDA:340,61,0,1
BRDA:340,61,1,3
BRF:133
BRH:130
end_of_record
TN:
SF:src/utils/dateUtils.ts
FN:16,(anonymous_0)
FN:23,(anonymous_1)
FN:45,(anonymous_2)
FN:58,(anonymous_3)
FN:67,(anonymous_4)
FN:76,(anonymous_5)
FN:85,(anonymous_6)
FN:93,(anonymous_7)
FN:101,(anonymous_8)
FN:109,(anonymous_9)
FN:117,(anonymous_10)
FN:125,(anonymous_11)
FN:133,(anonymous_12)
FN:142,(anonymous_13)
FN:150,(anonymous_14)
FN:157,(anonymous_15)
FN:166,(anonymous_16)
FN:175,(anonymous_17)
FN:186,(anonymous_18)
FN:197,(anonymous_19)
FN:206,(anonymous_20)
FN:215,(anonymous_21)
FN:224,(anonymous_22)
FN:233,(anonymous_23)
FN:240,(anonymous_24)
FN:247,(anonymous_25)
FN:254,(anonymous_26)
FN:269,(anonymous_27)
FN:284,(anonymous_28)
FN:291,(anonymous_29)
FN:298,(anonymous_30)
FN:306,(anonymous_31)
FN:316,(anonymous_32)
FN:328,(anonymous_33)
FN:367,(anonymous_34)
FN:377,(anonymous_35)
FNF:36
FNH:36
FNDA:1,(anonymous_0)
FNDA:4,(anonymous_1)
FNDA:2,(anonymous_2)
FNDA:20,(anonymous_3)
FNDA:3,(anonymous_4)
FNDA:2,(anonymous_5)
FNDA:13,(anonymous_6)
FNDA:8,(anonymous_7)
FNDA:11,(anonymous_8)
FNDA:2,(anonymous_9)
FNDA:2,(anonymous_10)
FNDA:2,(anonymous_11)
FNDA:8,(anonymous_12)
FNDA:2,(anonymous_13)
FNDA:2,(anonymous_14)
FNDA:14,(anonymous_15)
FNDA:5,(anonymous_16)
FNDA:6,(anonymous_17)
FNDA:2,(anonymous_18)
FNDA:1,(anonymous_19)
FNDA:1,(anonymous_20)
FNDA:6,(anonymous_21)
FNDA:1,(anonymous_22)
FNDA:2,(anonymous_23)
FNDA:2,(anonymous_24)
FNDA:4,(anonymous_25)
FNDA:2,(anonymous_26)
FNDA:3,(anonymous_27)
FNDA:4,(anonymous_28)
FNDA:4,(anonymous_29)
FNDA:3,(anonymous_30)
FNDA:2,(anonymous_31)
FNDA:6,(anonymous_32)
FNDA:10,(anonymous_33)
FNDA:3,(anonymous_34)
FNDA:7,(anonymous_35)
DA:12,1
DA:17,1
DA:26,4
DA:28,1
DA:29,1
DA:31,1
DA:32,1
DA:35,2
DA:36,2
DA:39,4
DA:46,2
DA:52,2
DA:59,20
DA:60,20
DA:61,20
DA:68,3
DA:69,3
DA:70,3
DA:77,2
DA:78,2
DA:79,2
DA:86,13
DA:87,13
DA:94,8
DA:95,8
DA:102,11
DA:103,11
DA:110,2
DA:111,2
DA:118,2
DA:119,2
DA:126,2
DA:127,2
DA:134,8
DA:143,2
DA:151,2
DA:158,14
DA:159,14
DA:160,14
DA:167,5
DA:168,5
DA:169,5
DA:176,6
DA:177,6
DA:178,6
DA:179,6
DA:180,6
DA:187,2
DA:188,2
DA:189,2
DA:190,2
DA:191,2
DA:198,1
DA:199,1
DA:200,1
DA:207,1
DA:208,1
DA:209,1
DA:216,6
DA:217,6
DA:218,6
DA:225,1
DA:226,1
DA:227,1
DA:234,2
DA:241,2
DA:248,4
DA:255,2
DA:256,2
DA:258,2
DA:259,4
DA:260,4
DA:263,2
DA:270,3
DA:271,3
DA:272,3
DA:274,3
DA:275,1
DA:278,3
DA:285,4
DA:292,4
DA:299,3
DA:300,3
DA:307,2
DA:308,2
DA:309,2
DA:310,2
DA:317,6
DA:318,6
DA:319,6
DA:321,0
DA:329,10
DA:330,10
DA:332,10
DA:333,1
DA:334,9
DA:335,2
DA:340,7
DA:341,7
DA:342,2
DA:347,5
DA:348,5
DA:349,2
DA:354,3
DA:355,2
DA:356,2
DA:361,1
DA:368,3
DA:369,1
DA:371,2
DA:378,7
LF:111
LH:110
BRDA:23,0,0,2
BRDA:26,1,0,1
BRDA:26,1,1,1
BRDA:26,1,2,2
BRDA:26,1,3,2
BRDA:45,2,0,1
BRDA:134,3,0,8
BRDA:134,3,1,8
BRDA:134,3,2,8
BRDA:143,4,0,2
BRDA:143,4,1,2
BRDA:175,5,0,0
BRDA:178,6,0,4
BRDA:178,6,1,2
BRDA:178,7,0,3
BRDA:178,7,1,1
BRDA:186,8,0,0
BRDA:189,9,0,1
BRDA:189,9,1,1
BRDA:189,10,0,0
BRDA:189,10,1,1
BRDA:248,11,0,4
BRDA:248,11,1,3
BRDA:274,12,0,1
BRDA:274,12,1,2
BRDA:274,13,0,3
BRDA:274,13,1,2
BRDA:274,13,2,1
BRDA:285,14,0,4
BRDA:285,14,1,3
BRDA:285,14,2,3
BRDA:319,15,0,2
BRDA:319,15,1,4
BRDA:332,16,0,1
BRDA:332,16,1,9
BRDA:334,17,0,2
BRDA:334,17,1,7
BRDA:335,18,0,1
BRDA:335,18,1,1
BRDA:341,19,0,2
BRDA:341,19,1,5
BRDA:342,20,0,1
BRDA:342,20,1,1
BRDA:348,21,0,2
BRDA:348,21,1,3
BRDA:349,22,0,1
BRDA:349,22,1,1
BRDA:354,23,0,2
BRDA:354,23,1,1
BRDA:356,24,0,1
BRDA:356,24,1,1
BRDA:368,25,0,1
BRDA:368,25,1,2
BRDA:378,26,0,7
BRDA:378,26,1,3
BRF:55
BRH:52
end_of_record
TN:
SF:src/utils/encryptionUtils.ts
FN:7,(anonymous_1)
FN:14,(anonymous_2)
FN:22,(anonymous_3)
FN:29,(anonymous_4)
FN:36,(anonymous_5)
FN:43,(anonymous_6)
FN:66,(anonymous_7)
FN:80,(anonymous_8)
FN:87,(anonymous_9)
FN:109,(anonymous_10)
FN:116,(anonymous_11)
FN:123,(anonymous_12)
FN:130,(anonymous_13)
FNF:13
FNH:13
FNDA:9,(anonymous_1)
FNDA:2,(anonymous_2)
FNDA:4,(anonymous_3)
FNDA:5,(anonymous_4)
FNDA:17,(anonymous_5)
FNDA:9,(anonymous_6)
FNDA:5,(anonymous_7)
FNDA:10,(anonymous_8)
FNDA:3,(anonymous_9)
FNDA:3,(anonymous_10)
FNDA:4,(anonymous_11)
FNDA:5,(anonymous_12)
FNDA:5,(anonymous_13)
DA:1,1
DA:3,1
DA:8,9
DA:15,2
DA:16,2
DA:23,4
DA:30,5
DA:37,17
DA:44,9
DA:45,9
DA:46,9
DA:49,9
DA:50,9
DA:51,9
DA:53,9
DA:59,0
DA:67,5
DA:68,5
DA:69,5
DA:70,5
DA:71,2
DA:73,3
DA:81,10
DA:88,3
DA:89,3
DA:92,3
DA:93,3
DA:96,3
DA:97,1
DA:100,2
DA:102,0
DA:110,3
DA:117,4
DA:124,5
DA:131,5
LF:35
LH:33
BRDA:22,0,0,3
BRDA:36,1,0,14
BRDA:45,2,0,9
BRDA:45,2,1,8
BRDA:59,3,0,0
BRDA:59,3,1,0
BRDA:73,4,0,0
BRDA:73,4,1,3
BRDA:96,5,0,1
BRDA:96,5,1,2
BRDA:116,6,0,3
BRF:11
BRH:8
end_of_record
TN:
SF:src/utils/jwtUtils.ts
FN:15,(anonymous_1)
FN:25,(anonymous_2)
FN:38,(anonymous_3)
FNF:3
FNH:3
FNDA:11,(anonymous_1)
FNDA:18,(anonymous_2)
FNDA:5,(anonymous_3)
DA:1,1
DA:8,1
DA:9,1
DA:10,1
DA:16,11
DA:26,18
DA:27,18
DA:28,2
DA:30,16
DA:31,16
DA:39,5
DA:40,5
DA:41,5
DA:43,0
DA:44,0
LF:15
LH:13
BRDA:9,0,0,1
BRDA:9,0,1,0
BRF:2
BRH:1
end_of_record
TN:
SF:src/utils/mailUtils.ts
FN:2,(anonymous_0)
FNF:1
FNH:1
FNDA:6,(anonymous_0)
DA:1,2
DA:3,6
LF:2
LH:2
BRF:0
BRH:0
end_of_record
TN:
SF:src/utils/paginationUtils.ts
FN:2,(anonymous_0)
FNF:1
FNH:1
FNDA:8,(anonymous_0)
DA:1,1
DA:3,8
LF:2
LH:2
BRF:0
BRH:0
end_of_record
TN:
SF:src/utils/randomUtils.ts
FN:4,(anonymous_1)
FN:13,(anonymous_2)
FN:18,(anonymous_3)
FN:24,(anonymous_4)
FN:31,(anonymous_5)
FN:38,(anonymous_6)
FNF:6
FNH:6
FNDA:118,(anonymous_1)
FNDA:71,(anonymous_2)
FNDA:840,(anonymous_3)
FNDA:137,(anonymous_4)
FNDA:69,(anonymous_5)
FNDA:118,(anonymous_6)
DA:1,1
DA:3,1
DA:4,1
DA:5,118
DA:13,1
DA:14,71
DA:18,840
DA:24,1
DA:25,137
DA:31,1
DA:32,69
DA:38,1
DA:39,118
LF:13
LH:13
BRDA:13,0,0,68
BRDA:14,1,0,2
BRDA:14,1,1,69
BRDA:31,2,0,51
BRF:4
BRH:4
end_of_record
