TN:
SF:src/services/stiService.ts
FN:28,(anonymous_1)
FN:32,(anonymous_2)
FN:74,(anonymous_3)
FN:83,(anonymous_4)
FN:98,(anonymous_5)
FN:122,(anonymous_6)
FN:156,(anonymous_7)
FN:182,(anonymous_8)
FN:223,(anonymous_9)
FN:232,(anonymous_10)
FN:248,(anonymous_11)
FN:272,(anonymous_12)
FN:303,(anonymous_13)
FN:328,(anonymous_14)
FN:339,(anonymous_15)
FN:344,(anonymous_16)
FN:350,(anonymous_17)
FN:351,(anonymous_18)
FN:351,(anonymous_19)
FN:361,(anonymous_20)
FN:365,(anonymous_21)
FN:375,(anonymous_22)
FN:447,(anonymous_23)
FN:523,(anonymous_24)
FN:571,(anonymous_25)
FN:610,(anonymous_26)
FN:635,(anonymous_27)
FN:637,(anonymous_28)
FN:652,(anonymous_29)
FN:676,(anonymous_30)
FN:679,(anonymous_31)
FN:692,(anonymous_32)
FN:700,(anonymous_33)
FN:713,(anonymous_34)
FN:790,(anonymous_35)
FN:850,(anonymous_36)
FN:873,(anonymous_37)
FN:902,(anonymous_38)
FN:924,(anonymous_39)
FN:1004,(anonymous_40)
FN:1074,(anonymous_41)
FN:1152,(anonymous_42)
FN:1180,(anonymous_43)
FN:1202,(anonymous_44)
FN:1230,(anonymous_45)
FN:1326,(anonymous_46)
FN:1340,(anonymous_47)
FN:1340,(anonymous_48)
FN:1350,(anonymous_49)
FN:1391,(anonymous_50)
FNF:50
FNH:34
FNDA:105,(anonymous_1)
FNDA:1,(anonymous_2)
FNDA:1,(anonymous_3)
FNDA:1,(anonymous_4)
FNDA:3,(anonymous_5)
FNDA:3,(anonymous_6)
FNDA:2,(anonymous_7)
FNDA:1,(anonymous_8)
FNDA:1,(anonymous_9)
FNDA:1,(anonymous_10)
FNDA:2,(anonymous_11)
FNDA:2,(anonymous_12)
FNDA:2,(anonymous_13)
FNDA:32,(anonymous_14)
FNDA:0,(anonymous_15)
FNDA:0,(anonymous_16)
FNDA:5,(anonymous_17)
FNDA:6,(anonymous_18)
FNDA:6,(anonymous_19)
FNDA:4,(anonymous_20)
FNDA:4,(anonymous_21)
FNDA:43,(anonymous_22)
FNDA:4,(anonymous_23)
FNDA:34,(anonymous_24)
FNDA:4,(anonymous_25)
FNDA:2,(anonymous_26)
FNDA:0,(anonymous_27)
FNDA:0,(anonymous_28)
FNDA:0,(anonymous_29)
FNDA:0,(anonymous_30)
FNDA:0,(anonymous_31)
FNDA:0,(anonymous_32)
FNDA:0,(anonymous_33)
FNDA:22,(anonymous_34)
FNDA:0,(anonymous_35)
FNDA:1,(anonymous_36)
FNDA:1,(anonymous_37)
FNDA:3,(anonymous_38)
FNDA:3,(anonymous_39)
FNDA:1,(anonymous_40)
FNDA:2,(anonymous_41)
FNDA:1,(anonymous_42)
FNDA:1,(anonymous_43)
FNDA:0,(anonymous_44)
FNDA:1,(anonymous_45)
FNDA:0,(anonymous_46)
FNDA:0,(anonymous_47)
FNDA:0,(anonymous_48)
FNDA:0,(anonymous_49)
FNDA:0,(anonymous_50)
DA:2,1
DA:3,1
DA:5,1
DA:6,1
DA:7,1
DA:8,1
DA:9,1
DA:10,1
DA:11,1
DA:12,1
DA:13,1
DA:14,1
DA:15,1
DA:18,1
DA:21,1
DA:24,1
DA:29,105
DA:33,1
DA:35,1
DA:36,1
DA:37,1
DA:38,1
DA:45,0
DA:46,0
DA:53,0
DA:54,0
DA:55,0
DA:60,0
DA:66,0
DA:67,0
DA:75,1
DA:76,1
DA:77,1
DA:78,0
DA:83,1
DA:84,1
DA:90,0
DA:91,0
DA:99,3
DA:100,3
DA:101,2
DA:102,0
DA:108,1
DA:114,2
DA:115,2
DA:123,3
DA:125,3
DA:127,3
DA:128,0
DA:133,3
DA:134,3
DA:135,1
DA:142,2
DA:148,0
DA:149,0
DA:157,2
DA:158,2
DA:159,2
DA:160,2
DA:166,0
DA:173,0
DA:174,0
DA:183,1
DA:184,1
DA:185,1
DA:186,1
DA:187,1
DA:194,0
DA:195,0
DA:202,0
DA:203,0
DA:204,0
DA:209,0
DA:215,0
DA:216,0
DA:224,1
DA:225,1
DA:226,1
DA:227,0
DA:232,1
DA:234,1
DA:240,0
DA:241,0
DA:249,2
DA:250,2
DA:251,1
DA:252,0
DA:257,1
DA:263,1
DA:264,1
DA:273,2
DA:274,2
DA:275,2
DA:276,0
DA:281,2
DA:282,2
DA:283,1
DA:289,1
DA:295,0
DA:296,0
DA:304,2
DA:305,2
DA:306,2
DA:307,2
DA:313,0
DA:320,0
DA:321,0
DA:329,32
DA:330,32
DA:331,1
DA:337,31
DA:338,31
DA:339,31
DA:340,31
DA:344,0
DA:351,6
DA:352,5
DA:354,5
DA:355,2
DA:361,4
DA:365,4
DA:367,3
DA:376,43
DA:378,43
DA:379,2
DA:385,41
DA:386,0
DA:393,41
DA:394,2
DA:401,39
DA:402,1
DA:409,38
DA:410,6
DA:411,7
DA:412,1
DA:420,37
DA:421,37
DA:422,37
DA:423,37
DA:424,37
DA:427,37
DA:428,32
DA:429,32
DA:430,1
DA:432,31
DA:433,31
DA:438,5
DA:442,37
DA:443,5
DA:444,5
DA:445,2
DA:447,4
DA:448,3
DA:452,32
DA:455,37
DA:456,4
DA:461,33
DA:462,1
DA:467,32
DA:468,32
DA:469,1
DA:474,31
DA:475,31
DA:484,31
DA:486,31
DA:487,0
DA:492,31
DA:493,31
DA:494,0
DA:496,31
DA:497,31
DA:500,31
DA:501,31
DA:502,29
DA:503,29
DA:504,29
DA:508,31
DA:509,31
DA:515,0
DA:516,0
DA:524,34
DA:525,34
DA:528,34
DA:531,33
DA:532,30
DA:538,30
DA:542,33
DA:543,0
DA:549,33
DA:550,0
DA:556,33
DA:562,1
DA:563,1
DA:572,4
DA:573,4
DA:574,0
DA:581,4
DA:582,1
DA:588,3
DA:589,3
DA:590,1
DA:596,2
DA:602,0
DA:603,0
DA:611,2
DA:612,2
DA:614,1
DA:615,0
DA:621,1
DA:627,1
DA:628,1
DA:636,0
DA:637,0
DA:638,0
DA:639,0
DA:640,0
DA:645,0
DA:652,0
DA:661,0
DA:667,0
DA:668,0
DA:677,0
DA:678,0
DA:679,0
DA:684,0
DA:687,0
DA:688,0
DA:693,0
DA:694,0
DA:697,0
DA:700,0
DA:706,0
DA:708,0
DA:709,0
DA:714,22
DA:716,22
DA:717,2
DA:723,20
DA:724,0
DA:731,20
DA:732,1
DA:738,19
DA:739,19
DA:740,2
DA:746,17
DA:747,15
DA:748,15
DA:750,15
DA:751,4
DA:757,11
DA:758,0
DA:764,11
DA:765,2
DA:767,2
DA:768,0
DA:771,2
DA:776,9
DA:777,9
DA:778,9
DA:779,2
DA:782,0
DA:789,11
DA:790,0
DA:793,11
DA:794,0
DA:795,0
DA:797,0
DA:798,0
DA:804,0
DA:806,0
DA:807,0
DA:813,0
DA:814,0
DA:815,0
DA:819,0
DA:820,0
DA:821,0
DA:822,0
DA:825,0
DA:826,0
DA:829,11
DA:830,11
DA:831,11
DA:832,2
DA:836,11
DA:837,11
DA:845,0
DA:846,0
DA:851,1
DA:852,1
DA:853,1
DA:854,0
DA:859,1
DA:865,0
DA:866,0
DA:874,1
DA:875,1
DA:876,0
DA:881,1
DA:882,1
DA:883,1
DA:884,0
DA:889,1
DA:895,0
DA:903,3
DA:904,3
DA:905,3
DA:906,0
DA:911,3
DA:917,0
DA:925,3
DA:926,3
DA:929,3
DA:930,3
DA:933,3
DA:934,3
DA:937,3
DA:946,3
DA:953,3
DA:954,3
DA:955,3
DA:956,3
DA:957,3
DA:958,3
DA:959,3
DA:960,3
DA:961,3
DA:962,3
DA:963,3
DA:964,3
DA:965,3
DA:967,3
DA:980,0
DA:981,0
DA:1005,1
DA:1007,1
DA:1010,1
DA:1013,1
DA:1022,1
DA:1029,1
DA:1030,1
DA:1031,1
DA:1032,1
DA:1033,1
DA:1034,1
DA:1035,1
DA:1036,1
DA:1037,1
DA:1039,1
DA:1052,0
DA:1053,0
DA:1075,2
DA:1076,2
DA:1077,0
DA:1083,2
DA:1085,2
DA:1086,0
DA:1092,2
DA:1094,2
DA:1095,0
DA:1100,2
DA:1103,2
DA:1104,0
DA:1108,2
DA:1109,0
DA:1112,2
DA:1114,2
DA:1115,0
DA:1116,0
DA:1120,2
DA:1126,2
DA:1131,2
DA:1132,2
DA:1133,0
DA:1138,2
DA:1144,0
DA:1145,0
DA:1153,1
DA:1154,1
DA:1155,1
DA:1156,1
DA:1161,0
DA:1162,0
DA:1167,0
DA:1173,0
DA:1181,1
DA:1182,1
DA:1183,1
DA:1184,0
DA:1189,1
DA:1195,0
DA:1203,0
DA:1204,0
DA:1205,0
DA:1210,0
DA:1211,0
DA:1212,0
DA:1217,0
DA:1223,0
DA:1231,1
DA:1233,1
DA:1234,0
DA:1241,1
DA:1242,1
DA:1243,0
DA:1250,1
DA:1251,0
DA:1257,1
DA:1258,1
DA:1260,1
DA:1261,1
DA:1269,0
DA:1270,0
DA:1273,0
DA:1274,0
DA:1275,0
DA:1277,0
DA:1278,0
DA:1280,0
DA:1281,0
DA:1282,0
DA:1284,0
DA:1289,0
DA:1290,0
DA:1296,0
DA:1302,0
DA:1304,0
DA:1305,0
DA:1311,0
DA:1318,0
DA:1319,0
DA:1327,0
DA:1330,0
DA:1331,0
DA:1335,0
DA:1336,0
DA:1340,0
DA:1342,0
DA:1343,0
DA:1347,0
DA:1351,0
DA:1353,0
DA:1354,0
DA:1361,0
DA:1362,0
DA:1363,0
DA:1370,0
DA:1371,0
DA:1372,0
DA:1379,0
DA:1381,0
DA:1382,0
DA:1387,0
DA:1388,0
DA:1391,0
DA:1392,0
DA:1393,0
DA:1395,0
DA:1400,0
DA:1407,0
DA:1413,0
DA:1414,0
LF:462
LH:278
BRDA:36,0,0,1
BRDA:36,0,1,0
BRDA:37,1,0,1
BRDA:37,1,1,0
BRDA:54,2,0,0
BRDA:54,2,1,0
BRDA:77,3,0,0
BRDA:77,3,1,1
BRDA:101,4,0,0
BRDA:101,4,1,1
BRDA:101,5,0,2
BRDA:101,5,1,1
BRDA:127,6,0,0
BRDA:127,6,1,3
BRDA:134,7,0,1
BRDA:134,7,1,2
BRDA:159,8,0,2
BRDA:159,8,1,0
BRDA:185,9,0,1
BRDA:185,9,1,0
BRDA:186,10,0,1
BRDA:186,10,1,0
BRDA:203,11,0,0
BRDA:203,11,1,0
BRDA:226,12,0,0
BRDA:226,12,1,1
BRDA:251,13,0,0
BRDA:251,13,1,1
BRDA:275,14,0,0
BRDA:275,14,1,2
BRDA:275,15,0,2
BRDA:275,15,1,0
BRDA:282,16,0,1
BRDA:282,16,1,1
BRDA:306,17,0,2
BRDA:306,17,1,0
BRDA:330,18,0,1
BRDA:330,18,1,31
BRDA:351,19,0,6
BRDA:351,19,1,6
BRDA:354,20,0,2
BRDA:354,20,1,3
BRDA:378,21,0,2
BRDA:378,21,1,41
BRDA:385,22,0,0
BRDA:385,22,1,41
BRDA:393,23,0,2
BRDA:393,23,1,39
BRDA:401,24,0,1
BRDA:401,24,1,38
BRDA:401,25,0,39
BRDA:401,25,1,33
BRDA:409,26,0,6
BRDA:409,26,1,32
BRDA:409,27,0,38
BRDA:409,27,1,6
BRDA:411,28,0,1
BRDA:411,28,1,6
BRDA:427,29,0,32
BRDA:427,29,1,5
BRDA:429,30,0,1
BRDA:429,30,1,31
BRDA:442,31,0,5
BRDA:442,31,1,32
BRDA:442,32,0,37
BRDA:442,32,1,5
BRDA:444,33,0,2
BRDA:444,33,1,3
BRDA:455,34,0,4
BRDA:455,34,1,33
BRDA:455,35,0,37
BRDA:455,35,1,6
BRDA:461,36,0,1
BRDA:461,36,1,32
BRDA:461,37,0,33
BRDA:461,37,1,31
BRDA:468,38,0,1
BRDA:468,38,1,31
BRDA:486,39,0,0
BRDA:486,39,1,31
BRDA:493,40,0,0
BRDA:493,40,1,31
BRDA:501,41,0,29
BRDA:501,41,1,2
BRDA:503,42,0,29
BRDA:503,42,1,0
BRDA:531,43,0,30
BRDA:531,43,1,3
BRDA:542,44,0,0
BRDA:542,44,1,33
BRDA:549,45,0,0
BRDA:549,45,1,33
BRDA:573,46,0,0
BRDA:573,46,1,4
BRDA:581,47,0,1
BRDA:581,47,1,3
BRDA:589,48,0,1
BRDA:589,48,1,2
BRDA:589,49,0,3
BRDA:589,49,1,3
BRDA:614,50,0,0
BRDA:614,50,1,1
BRDA:639,51,0,0
BRDA:639,51,1,0
BRDA:657,52,0,0
BRDA:657,52,1,0
BRDA:678,53,0,0
BRDA:678,53,1,0
BRDA:678,54,0,0
BRDA:678,54,1,0
BRDA:694,55,0,0
BRDA:694,55,1,0
BRDA:716,56,0,2
BRDA:716,56,1,20
BRDA:723,57,0,0
BRDA:723,57,1,20
BRDA:731,58,0,1
BRDA:731,58,1,19
BRDA:739,59,0,2
BRDA:739,59,1,17
BRDA:746,60,0,15
BRDA:746,60,1,2
BRDA:746,61,0,17
BRDA:746,61,1,15
BRDA:750,62,0,4
BRDA:750,62,1,11
BRDA:750,63,0,15
BRDA:750,63,1,15
BRDA:753,64,0,4
BRDA:753,64,1,0
BRDA:757,65,0,0
BRDA:757,65,1,11
BRDA:764,66,0,2
BRDA:764,66,1,9
BRDA:765,67,0,0
BRDA:765,67,1,2
BRDA:767,68,0,0
BRDA:767,68,1,2
BRDA:767,69,0,2
BRDA:767,69,1,2
BRDA:776,70,0,9
BRDA:776,70,1,0
BRDA:776,71,0,9
BRDA:776,71,1,0
BRDA:778,72,0,2
BRDA:778,72,1,7
BRDA:789,73,0,0
BRDA:789,73,1,11
BRDA:793,74,0,0
BRDA:793,74,1,11
BRDA:793,75,0,11
BRDA:793,75,1,0
BRDA:797,76,0,0
BRDA:797,76,1,0
BRDA:806,77,0,0
BRDA:806,77,1,0
BRDA:806,78,0,0
BRDA:806,78,1,0
BRDA:813,79,0,0
BRDA:813,79,1,0
BRDA:813,80,0,0
BRDA:813,80,1,0
BRDA:819,81,0,0
BRDA:819,81,1,0
BRDA:819,82,0,0
BRDA:819,82,1,0
BRDA:831,83,0,2
BRDA:831,83,1,9
BRDA:831,84,0,11
BRDA:831,84,1,2
BRDA:831,84,2,2
BRDA:853,85,0,0
BRDA:853,85,1,1
BRDA:875,86,0,0
BRDA:875,86,1,1
BRDA:883,87,0,0
BRDA:883,87,1,1
BRDA:883,88,0,1
BRDA:883,88,1,1
BRDA:905,89,0,0
BRDA:905,89,1,3
BRDA:905,90,0,3
BRDA:905,90,1,3
BRDA:954,91,0,0
BRDA:954,91,1,3
BRDA:955,92,0,0
BRDA:955,92,1,3
BRDA:956,93,0,0
BRDA:956,93,1,3
BRDA:957,94,0,0
BRDA:957,94,1,3
BRDA:958,95,0,0
BRDA:958,95,1,3
BRDA:959,96,0,0
BRDA:959,96,1,3
BRDA:960,97,0,0
BRDA:960,97,1,3
BRDA:961,98,0,0
BRDA:961,98,1,3
BRDA:962,99,0,0
BRDA:962,99,1,3
BRDA:963,100,0,0
BRDA:963,100,1,3
BRDA:964,101,0,0
BRDA:964,101,1,3
BRDA:965,102,0,0
BRDA:965,102,1,3
BRDA:969,103,0,0
BRDA:969,103,1,3
BRDA:1030,104,0,0
BRDA:1030,104,1,1
BRDA:1031,105,0,0
BRDA:1031,105,1,1
BRDA:1032,106,0,0
BRDA:1032,106,1,1
BRDA:1033,107,0,0
BRDA:1033,107,1,1
BRDA:1034,108,0,0
BRDA:1034,108,1,1
BRDA:1035,109,0,0
BRDA:1035,109,1,1
BRDA:1036,110,0,0
BRDA:1036,110,1,1
BRDA:1037,111,0,0
BRDA:1037,111,1,1
BRDA:1041,112,0,0
BRDA:1041,112,1,1
BRDA:1076,113,0,0
BRDA:1076,113,1,2
BRDA:1085,114,0,0
BRDA:1085,114,1,2
BRDA:1094,115,0,0
BRDA:1094,115,1,2
BRDA:1103,116,0,0
BRDA:1103,116,1,2
BRDA:1103,117,0,2
BRDA:1103,117,1,2
BRDA:1108,118,0,0
BRDA:1108,118,1,2
BRDA:1108,119,0,2
BRDA:1108,119,1,2
BRDA:1115,120,0,0
BRDA:1115,120,1,0
BRDA:1132,121,0,0
BRDA:1132,121,1,2
BRDA:1155,122,0,1
BRDA:1155,122,1,0
BRDA:1161,123,0,0
BRDA:1161,123,1,0
BRDA:1161,124,0,0
BRDA:1161,124,1,0
BRDA:1183,125,0,0
BRDA:1183,125,1,1
BRDA:1204,126,0,0
BRDA:1204,126,1,0
BRDA:1211,127,0,0
BRDA:1211,127,1,0
BRDA:1233,128,0,0
BRDA:1233,128,1,1
BRDA:1233,129,0,1
BRDA:1233,129,1,1
BRDA:1242,130,0,0
BRDA:1242,130,1,1
BRDA:1250,131,0,0
BRDA:1250,131,1,1
BRDA:1257,132,0,1
BRDA:1257,132,1,0
BRDA:1260,133,0,1
BRDA:1260,133,1,0
BRDA:1260,134,0,1
BRDA:1260,134,1,0
BRDA:1269,135,0,0
BRDA:1269,135,1,0
BRDA:1269,136,0,0
BRDA:1269,136,1,0
BRDA:1269,136,2,0
BRDA:1273,137,0,0
BRDA:1273,137,1,0
BRDA:1274,138,0,0
BRDA:1274,138,1,0
BRDA:1281,139,0,0
BRDA:1281,139,1,0
BRDA:1289,140,0,0
BRDA:1289,140,1,0
BRDA:1304,141,0,0
BRDA:1304,141,1,0
BRDA:1330,142,0,0
BRDA:1330,142,1,0
BRDA:1335,143,0,0
BRDA:1335,143,1,0
BRDA:1342,144,0,0
BRDA:1342,144,1,0
BRDA:1353,145,0,0
BRDA:1353,145,1,0
BRDA:1353,146,0,0
BRDA:1353,146,1,0
BRDA:1362,147,0,0
BRDA:1362,147,1,0
BRDA:1371,148,0,0
BRDA:1371,148,1,0
BRDA:1381,149,0,0
BRDA:1381,149,1,0
BRDA:1387,150,0,0
BRDA:1387,150,1,0
BRDA:1392,151,0,0
BRDA:1392,151,1,0
BRF:306
BRH:162
end_of_record
